{"C:\\Users\\PC\\Desktop\\DEVELOPMENT\\PROJETOS PESSOAIS\\carstore\\backend\\src\\models\\User.ts": {"path":"C:\\Users\\PC\\Desktop\\DEVELOPMENT\\PROJETOS PESSOAIS\\carstore\\backend\\src\\models\\User.ts","statementMap":{"0":{"start":{"line":1,"column":0},"end":{"line":1,"column":32}},"1":{"start":{"line":3,"column":26},"end":{"line":3,"column":34}},"2":{"start":{"line":9,"column":19},"end":{"line":22,"column":null}},"3":{"start":{"line":25,"column":13},"end":{"line":25,"column":53}}},"fnMap":{},"branchMap":{},"s":{"0":1,"1":1,"2":1,"3":1},"f":{},"b":{}}
,"C:\\Users\\PC\\Desktop\\DEVELOPMENT\\PROJETOS PESSOAIS\\carstore\\backend\\src\\repositories\\userRespository.ts": {"path":"C:\\Users\\PC\\Desktop\\DEVELOPMENT\\PROJETOS PESSOAIS\\carstore\\backend\\src\\repositories\\userRespository.ts","statementMap":{"0":{"start":{"line":1,"column":0},"end":{"line":1,"column":45}},"1":{"start":{"line":3,"column":17},"end":{"line":6,"column":2}},"2":{"start":{"line":3,"column":46},"end":{"line":6,"column":2}},"3":{"start":{"line":4,"column":16},"end":{"line":4,"column":33}},"4":{"start":{"line":5,"column":2},"end":{"line":5,"column":15}},"5":{"start":{"line":8,"column":16},"end":{"line":15,"column":2}},"6":{"start":{"line":8,"column":61},"end":{"line":15,"column":2}},"7":{"start":{"line":9,"column":15},"end":{"line":9,"column":38}},"8":{"start":{"line":11,"column":2},"end":{"line":11,"column":54}},"9":{"start":{"line":11,"column":13},"end":{"line":11,"column":54}},"10":{"start":{"line":13,"column":2},"end":{"line":13,"column":23}},"11":{"start":{"line":14,"column":2},"end":{"line":14,"column":14}},"12":{"start":{"line":17,"column":19},"end":{"line":25,"column":2}},"13":{"start":{"line":17,"column":65},"end":{"line":25,"column":2}},"14":{"start":{"line":18,"column":2},"end":{"line":20,"column":null}},"15":{"start":{"line":19,"column":4},"end":{"line":19,"column":45}},"16":{"start":{"line":22,"column":18},"end":{"line":22,"column":32}},"17":{"start":{"line":23,"column":2},"end":{"line":23,"column":23}},"18":{"start":{"line":24,"column":2},"end":{"line":24,"column":17}},"19":{"start":{"line":27,"column":19},"end":{"line":35,"column":2}},"20":{"start":{"line":27,"column":78},"end":{"line":35,"column":2}},"21":{"start":{"line":28,"column":15},"end":{"line":28,"column":38}},"22":{"start":{"line":30,"column":2},"end":{"line":30,"column":54}},"23":{"start":{"line":30,"column":13},"end":{"line":30,"column":54}},"24":{"start":{"line":32,"column":2},"end":{"line":32,"column":19}},"25":{"start":{"line":33,"column":2},"end":{"line":33,"column":41}},"26":{"start":{"line":34,"column":2},"end":{"line":34,"column":14}},"27":{"start":{"line":37,"column":19},"end":{"line":44,"column":2}},"28":{"start":{"line":37,"column":64},"end":{"line":44,"column":2}},"29":{"start":{"line":38,"column":15},"end":{"line":38,"column":38}},"30":{"start":{"line":40,"column":2},"end":{"line":40,"column":54}},"31":{"start":{"line":40,"column":13},"end":{"line":40,"column":54}},"32":{"start":{"line":42,"column":2},"end":{"line":42,"column":36}},"33":{"start":{"line":43,"column":2},"end":{"line":43,"column":14}},"34":{"start":{"line":46,"column":12},"end":{"line":48,"column":1}},"35":{"start":{"line":47,"column":2},"end":{"line":47,"column":15}},"36":{"start":{"line":50,"column":0},"end":{"line":57,"column":2}}},"fnMap":{"0":{"name":"(anonymous_7)","decl":{"start":{"line":3,"column":17},"end":{"line":3,"column":44}},"loc":{"start":{"line":3,"column":46},"end":{"line":6,"column":2}}},"1":{"name":"(anonymous_8)","decl":{"start":{"line":3,"column":46},"end":{"line":3,"column":null}},"loc":{"start":{"line":3,"column":46},"end":{"line":6,"column":1}}},"2":{"name":"(anonymous_9)","decl":{"start":{"line":8,"column":16},"end":{"line":8,"column":23}},"loc":{"start":{"line":8,"column":61},"end":{"line":15,"column":2}}},"3":{"name":"(anonymous_10)","decl":{"start":{"line":8,"column":61},"end":{"line":8,"column":null}},"loc":{"start":{"line":8,"column":61},"end":{"line":15,"column":1}}},"4":{"name":"(anonymous_11)","decl":{"start":{"line":17,"column":19},"end":{"line":17,"column":26}},"loc":{"start":{"line":17,"column":65},"end":{"line":25,"column":2}}},"5":{"name":"(anonymous_12)","decl":{"start":{"line":17,"column":65},"end":{"line":17,"column":null}},"loc":{"start":{"line":17,"column":65},"end":{"line":25,"column":1}}},"6":{"name":"(anonymous_13)","decl":{"start":{"line":27,"column":19},"end":{"line":27,"column":26}},"loc":{"start":{"line":27,"column":78},"end":{"line":35,"column":2}}},"7":{"name":"(anonymous_14)","decl":{"start":{"line":27,"column":78},"end":{"line":27,"column":null}},"loc":{"start":{"line":27,"column":78},"end":{"line":35,"column":1}}},"8":{"name":"(anonymous_15)","decl":{"start":{"line":37,"column":19},"end":{"line":37,"column":26}},"loc":{"start":{"line":37,"column":64},"end":{"line":44,"column":2}}},"9":{"name":"(anonymous_16)","decl":{"start":{"line":37,"column":64},"end":{"line":37,"column":null}},"loc":{"start":{"line":37,"column":64},"end":{"line":44,"column":1}}},"10":{"name":"(anonymous_17)","decl":{"start":{"line":46,"column":12},"end":{"line":46,"column":13}},"loc":{"start":{"line":46,"column":45},"end":{"line":48,"column":1}}}},"branchMap":{"0":{"loc":{"start":{"line":11,"column":2},"end":{"line":11,"column":54}},"type":"if","locations":[{"start":{"line":11,"column":2},"end":{"line":11,"column":54}}]},"1":{"loc":{"start":{"line":18,"column":2},"end":{"line":20,"column":null}},"type":"if","locations":[{"start":{"line":18,"column":2},"end":{"line":20,"column":null}}]},"2":{"loc":{"start":{"line":30,"column":2},"end":{"line":30,"column":54}},"type":"if","locations":[{"start":{"line":30,"column":2},"end":{"line":30,"column":54}}]},"3":{"loc":{"start":{"line":40,"column":2},"end":{"line":40,"column":54}},"type":"if","locations":[{"start":{"line":40,"column":2},"end":{"line":40,"column":54}}]}},"s":{"0":1,"1":1,"2":0,"3":0,"4":0,"5":1,"6":0,"7":0,"8":0,"9":0,"10":0,"11":0,"12":1,"13":0,"14":0,"15":0,"16":0,"17":0,"18":0,"19":1,"20":0,"21":0,"22":0,"23":0,"24":0,"25":0,"26":0,"27":1,"28":0,"29":0,"30":0,"31":0,"32":0,"33":0,"34":1,"35":1,"36":1},"f":{"0":0,"1":0,"2":0,"3":0,"4":0,"5":0,"6":0,"7":0,"8":0,"9":0,"10":1},"b":{"0":[0],"1":[0],"2":[0],"3":[0]}}
}
