TN:
SF:src\models\User.ts
FNF:0
FNH:0
DA:1,1
DA:3,1
DA:9,1
DA:25,1
LF:4
LH:4
BRF:0
BRH:0
end_of_record
TN:
SF:src\repositories\userRespository.ts
FN:3,(anonymous_7)
FN:3,(anonymous_8)
FN:8,(anonymous_9)
FN:8,(anonymous_10)
FN:17,(anonymous_11)
FN:17,(anonymous_12)
FN:27,(anonymous_13)
FN:27,(anonymous_14)
FN:37,(anonymous_15)
FN:37,(anonymous_16)
FN:46,(anonymous_17)
FNF:11
FNH:1
FNDA:0,(anonymous_7)
FNDA:0,(anonymous_8)
FNDA:0,(anonymous_9)
FNDA:0,(anonymous_10)
FNDA:0,(anonymous_11)
FNDA:0,(anonymous_12)
FNDA:0,(anonymous_13)
FNDA:0,(anonymous_14)
FNDA:0,(anonymous_15)
FNDA:0,(anonymous_16)
FNDA:1,(anonymous_17)
DA:1,1
DA:3,1
DA:4,0
DA:5,0
DA:8,1
DA:9,0
DA:11,0
DA:13,0
DA:14,0
DA:17,1
DA:18,0
DA:19,0
DA:22,0
DA:23,0
DA:24,0
DA:27,1
DA:28,0
DA:30,0
DA:32,0
DA:33,0
DA:34,0
DA:37,1
DA:38,0
DA:40,0
DA:42,0
DA:43,0
DA:46,1
DA:47,1
DA:50,1
LF:29
LH:9
BRDA:11,0,0,0
BRDA:18,1,0,0
BRDA:30,2,0,0
BRDA:40,3,0,0
BRF:4
BRH:0
end_of_record
